<?xml version="1.0" encoding="UTF-8"?>
<!-- Generated by org.testng.reporters.JUnitReportReporter -->
<testsuite hostname="WIN-GAM4UKAKS3J" failures="0" tests="1" name="com.seleniumTestNG.tests.HomePageTest" time="24.739" errors="0" timestamp="2022-09-03T17:35:03 IST" skipped="0">
  <testcase classname="com.seleniumTestNG.tests.HomePageTest" name="verifyHomePageisDisplayed" time="24.739"/>
  <system-out/>
</testsuite> <!-- com.seleniumTestNG.tests.HomePageTest -->
