<?xml version="1.0" encoding="UTF-8"?>
<!-- Generated by org.testng.reporters.JUnitReportReporter -->
<testsuite hostname="WIN-GAM4UKAKS3J" failures="0" tests="6" name="com.seleniumTestNG.tests.ArticlePageTest" time="109.867" errors="0" timestamp="2022-09-03T17:35:03 IST" skipped="0">
  <testcase classname="com.seleniumTestNG.tests.ArticlePageTest" name="verifyUserAbleToSearchArticle" time="21.426"/>
  <system-out/>
  <testcase classname="com.seleniumTestNG.tests.ArticlePageTest" name="verifyTalkHeader" time="14.443"/>
  <system-out/>
  <testcase classname="com.seleniumTestNG.tests.ArticlePageTest" name="verifyTalkHeader" time="18.448"/>
  <system-out/>
  <testcase classname="com.seleniumTestNG.tests.ArticlePageTest" name="verifyUserAbleToSearchArticle" time="17.391"/>
  <system-out/>
  <testcase classname="com.seleniumTestNG.tests.ArticlePageTest" name="verifyViewHistoryHeader" time="19.878"/>
  <system-out/>
  <testcase classname="com.seleniumTestNG.tests.ArticlePageTest" name="verifyViewHistoryHeader" time="18.281"/>
  <system-out/>
</testsuite> <!-- com.seleniumTestNG.tests.ArticlePageTest -->
